<?xml version="1.0" encoding="UTF-8"?>
<testsuite xmlns:xsi="http://www.w3.org/2001/XMLSchema-instance" xsi:noNamespaceSchemaLocation="https://maven.apache.org/surefire/maven-surefire-plugin/xsd/surefire-test-report.xsd" name="org.example.CalcTest" time="0.019" tests="2" errors="0" skipped="0" failures="1">
  <properties>
    <property name="java.specification.version" value="17"/>
    <property name="sun.cpu.isalist" value="amd64"/>
    <property name="sun.jnu.encoding" value="GBK"/>
    <property name="java.class.path" value="D:\Dev_Tools\Playground\159251\Tutorial4\Mytutorial4\tutorial4\target\test-classes;D:\Dev_Tools\Playground\159251\Tutorial4\Mytutorial4\tutorial4\target\classes;D:\Dev_Tools\apache-maven-3.9.4\Repository\org\junit\jupiter\junit-jupiter-engine\5.4.0\junit-jupiter-engine-5.4.0.jar;D:\Dev_Tools\apache-maven-3.9.4\Repository\org\apiguardian\apiguardian-api\1.0.0\apiguardian-api-1.0.0.jar;D:\Dev_Tools\apache-maven-3.9.4\Repository\org\junit\platform\junit-platform-engine\1.4.0\junit-platform-engine-1.4.0.jar;D:\Dev_Tools\apache-maven-3.9.4\Repository\org\opentest4j\opentest4j\1.1.1\opentest4j-1.1.1.jar;D:\Dev_Tools\apache-maven-3.9.4\Repository\org\junit\platform\junit-platform-commons\1.4.0\junit-platform-commons-1.4.0.jar;D:\Dev_Tools\apache-maven-3.9.4\Repository\org\junit\jupiter\junit-jupiter-api\5.4.0\junit-jupiter-api-5.4.0.jar;D:\Dev_Tools\apache-maven-3.9.4\Repository\org\junit\jupiter\junit-jupiter\5.10.0\junit-jupiter-5.10.0.jar;D:\Dev_Tools\apache-maven-3.9.4\Repository\org\junit\jupiter\junit-jupiter-params\5.10.0\junit-jupiter-params-5.10.0.jar;"/>
    <property name="java.vm.vendor" value="Oracle Corporation"/>
    <property name="sun.arch.data.model" value="64"/>
    <property name="user.variant" value=""/>
    <property name="java.vendor.url" value="https://java.oracle.com/"/>
    <property name="user.timezone" value="Asia/Shanghai"/>
    <property name="os.name" value="Windows 10"/>
    <property name="java.vm.specification.version" value="17"/>
    <property name="sun.java.launcher" value="SUN_STANDARD"/>
    <property name="user.country" value="CN"/>
    <property name="sun.boot.library.path" value="D:\Dev_Tools\Java\jdk-17.0.5\bin"/>
    <property name="sun.java.command" value="C:\Users\QIJUNY~1\AppData\Local\Temp\surefire5224156075638013593\surefirebooter4768901342757056575.jar C:\Users\Qi JunYu\AppData\Local\Temp\surefire5224156075638013593 2023-10-06T20-02-12_448-jvmRun1 surefire3718871134168758302tmp surefire_09804024638045509371tmp"/>
    <property name="jdk.debug" value="release"/>
    <property name="surefire.test.class.path" value="D:\Dev_Tools\Playground\159251\Tutorial4\Mytutorial4\tutorial4\target\test-classes;D:\Dev_Tools\Playground\159251\Tutorial4\Mytutorial4\tutorial4\target\classes;D:\Dev_Tools\apache-maven-3.9.4\Repository\org\junit\jupiter\junit-jupiter-engine\5.4.0\junit-jupiter-engine-5.4.0.jar;D:\Dev_Tools\apache-maven-3.9.4\Repository\org\apiguardian\apiguardian-api\1.0.0\apiguardian-api-1.0.0.jar;D:\Dev_Tools\apache-maven-3.9.4\Repository\org\junit\platform\junit-platform-engine\1.4.0\junit-platform-engine-1.4.0.jar;D:\Dev_Tools\apache-maven-3.9.4\Repository\org\opentest4j\opentest4j\1.1.1\opentest4j-1.1.1.jar;D:\Dev_Tools\apache-maven-3.9.4\Repository\org\junit\platform\junit-platform-commons\1.4.0\junit-platform-commons-1.4.0.jar;D:\Dev_Tools\apache-maven-3.9.4\Repository\org\junit\jupiter\junit-jupiter-api\5.4.0\junit-jupiter-api-5.4.0.jar;D:\Dev_Tools\apache-maven-3.9.4\Repository\org\junit\jupiter\junit-jupiter\5.10.0\junit-jupiter-5.10.0.jar;D:\Dev_Tools\apache-maven-3.9.4\Repository\org\junit\jupiter\junit-jupiter-params\5.10.0\junit-jupiter-params-5.10.0.jar;"/>
    <property name="sun.cpu.endian" value="little"/>
    <property name="user.home" value="C:\Users\Qi JunYu"/>
    <property name="user.language" value="zh"/>
    <property name="java.specification.vendor" value="Oracle Corporation"/>
    <property name="java.version.date" value="2022-10-18"/>
    <property name="java.home" value="D:\Dev_Tools\Java\jdk-17.0.5"/>
    <property name="file.separator" value="\"/>
    <property name="basedir" value="D:\Dev_Tools\Playground\159251\Tutorial4\Mytutorial4\tutorial4"/>
    <property name="java.vm.compressedOopsMode" value="Zero based"/>
    <property name="line.separator" value="&#10;"/>
    <property name="java.vm.specification.vendor" value="Oracle Corporation"/>
    <property name="java.specification.name" value="Java Platform API Specification"/>
    <property name="surefire.real.class.path" value="C:\Users\QIJUNY~1\AppData\Local\Temp\surefire5224156075638013593\surefirebooter4768901342757056575.jar"/>
    <property name="user.script" value=""/>
    <property name="sun.management.compiler" value="HotSpot 64-Bit Tiered Compilers"/>
    <property name="java.runtime.version" value="17.0.5+9-LTS-191"/>
    <property name="user.name" value="Qi JunYu"/>
    <property name="path.separator" value=";"/>
    <property name="os.version" value="10.0"/>
    <property name="java.runtime.name" value="Java(TM) SE Runtime Environment"/>
    <property name="file.encoding" value="GBK"/>
    <property name="java.vm.name" value="Java HotSpot(TM) 64-Bit Server VM"/>
    <property name="localRepository" value="D:\Dev_Tools\apache-maven-3.9.4\Repository"/>
    <property name="java.vendor.url.bug" value="https://bugreport.java.com/bugreport/"/>
    <property name="java.io.tmpdir" value="C:\Users\QIJUNY~1\AppData\Local\Temp\"/>
    <property name="java.version" value="17.0.5"/>
    <property name="user.dir" value="D:\Dev_Tools\Playground\159251\Tutorial4\Mytutorial4\tutorial4"/>
    <property name="os.arch" value="amd64"/>
    <property name="java.vm.specification.name" value="Java Virtual Machine Specification"/>
    <property name="sun.os.patch.level" value=""/>
    <property name="native.encoding" value="GBK"/>
    <property name="java.library.path" value="D:\Dev_Tools\Java\jdk-17.0.5\bin;C:\Windows\Sun\Java\bin;C:\Windows\system32;C:\Windows;C:\Users\Qi JunYu\bin;C:\Program Files\Git\mingw64\bin;C:\Program Files\Git\usr\local\bin;C:\Program Files\Git\usr\bin;C:\Program Files\Git\usr\bin;C:\Program Files\Git\mingw64\bin;C:\Program Files\Git\usr\bin;C:\Users\Qi JunYu\bin;D:\Dev_Tools\python\Python310\Scripts;D:\Dev_Tools\python\Python310;C:\Program Files\NVIDIA GPU Computing Toolkit\CUDA\v11.0\bin;C:\Program Files\NVIDIA GPU Computing Toolkit\CUDA\v11.0\libnvvp;D:\application\VMware\VMware Workstation\bin;C:\Windows\system32;C:\Windows;C:\Windows\System32\Wbem;C:\Windows\System32\WindowsPowerShell\v1.0;C:\Windows\System32\OpenSSH;C:\Program Files (x86)\NVIDIA Corporation\PhysX\Common;C:\Program Files\NVIDIA Corporation\NVIDIA NvDLISR;D:\Dev_Tools\MinGW\mingw64\bin;D:\Dev_Tools\Java\jdk-17.0.5\bin;D:\Dev_Tools\Java\jdk-17.0.5\jre\bin;D:\application\xshell7;D:\application\xftp7;C:\Program Files\NVIDIA Corporation\Nsight Compute 2020.1.0;D:\Dev_Tools\Matlab\R2021a\runtime\win64;D:\Dev_Tools\Matlab\R2021a\bin;D:\Dev_Tools\Matlab\R2021a\polyspace\bin;D:\application\LINGO64_18;C:\Program Files\Git\cmd;D:\Dev_Tools\apache-maven-3.9.4\bin;C:\Users\Qi JunYu\AppData\Local\Microsoft\WindowsApps;C:\Users\Qi JunYu\AppData\Local\Programs\Microsoft VS Code\bin;D:\Dev_Tools\Microsoft VS Code\bin;D:\Dev_Tools\PyCharm\PyCharm 2023.1.2\bin;C:\Program Files\NVIDIA GPU Computing Toolkit\CUDA\v11.0\lib\x64;C:\Program Files\NVIDIA GPU Computing Toolkit\CUDA\v11.0\include;C:\Program Files\NVIDIA GPU Computing Toolkit\CUDA\v11.0\extras\CUPTI\lib64;C:\ProgramData\NVIDIA Corporation\CUDA Samples\v11.0\bin\win64;C:\ProgramData\NVIDIA Corporation\CUDA Samples\v11.0\common\lib\x64;C:\Program Files\Git\usr\bin\vendor_perl;C:\Program Files\Git\usr\bin\core_perl;."/>
    <property name="java.vm.info" value="mixed mode, sharing"/>
    <property name="java.vendor" value="Oracle Corporation"/>
    <property name="java.vm.version" value="17.0.5+9-LTS-191"/>
    <property name="sun.io.unicode.encoding" value="UnicodeLittle"/>
    <property name="java.class.version" value="61.0"/>
  </properties>
  <testcase name="testAddition" classname="org.example.CalcTest" time="0.009"/>
  <testcase name="testSubtraction" classname="org.example.CalcTest" time="0.006">
    <failure message="expected: &lt;2&gt; but was: &lt;8&gt;" type="org.opentest4j.AssertionFailedError"><![CDATA[org.opentest4j.AssertionFailedError: expected: <2> but was: <8>
	at org.example.CalcTest.testSubtraction(CalcTest.java:16)
]]></failure>
  </testcase>
</testsuite>